{"numFailedTestSuites":0,"numFailedTests":0,"numPassedTestSuites":9,"numPassedTests":27,"numPendingTestSuites":0,"numPendingTests":0,"numRuntimeErrorTestSuites":0,"numTodoTests":0,"numTotalTestSuites":9,"numTotalTests":27,"openHandles":[],"snapshot":{"added":0,"didUpdate":false,"failure":false,"filesAdded":0,"filesRemoved":0,"filesRemovedList":[],"filesUnmatched":0,"filesUpdated":0,"matched":10,"total":10,"unchecked":0,"uncheckedKeysByFile":[],"unmatched":0,"updated":0},"startTime":1673039150026,"success":true,"testResults":[{"assertionResults":[{"ancestorTitles":["Reservations component - functions"],"failureMessages":[],"fullName":"Reservations component - functions blob link generate propertly","location":null,"status":"passed","title":"blob link generate propertly"},{"ancestorTitles":["Reservations component - functions"],"failureMessages":[],"fullName":"Reservations component - functions blob link have proper argument","location":null,"status":"passed","title":"blob link have proper argument"}],"endTime":1673039152528,"message":"","name":"E:\\repo\\CarRentalET\\CarRental.Frontend\\src\\components\\__tests__\\Reservations\\Reservations.test.js","startTime":1673039151078,"status":"passed","summary":""},{"assertionResults":[{"ancestorTitles":["Home component"],"failureMessages":[],"fullName":"Home component renders without crashing","location":null,"status":"passed","title":"renders without crashing"},{"ancestorTitles":["Home component"],"failureMessages":[],"fullName":"Home component matches snapshot","location":null,"status":"passed","title":"matches snapshot"}],"endTime":1673039152540,"message":"","name":"E:\\repo\\CarRentalET\\CarRental.Frontend\\src\\components\\__tests__\\Home\\Home.test.js","startTime":1673039151077,"status":"passed","summary":""},{"assertionResults":[{"ancestorTitles":["Footer component"],"failureMessages":[],"fullName":"Footer component should render Footer component","location":null,"status":"passed","title":"should render Footer component"},{"ancestorTitles":["Footer component"],"failureMessages":[],"fullName":"Footer component matches snapshot","location":null,"status":"passed","title":"matches snapshot"}],"endTime":1673039152544,"message":"","name":"E:\\repo\\CarRentalET\\CarRental.Frontend\\src\\components\\__tests__\\Footer\\Footer.test.js","startTime":1673039151085,"status":"passed","summary":""},{"assertionResults":[{"ancestorTitles":["Dashboard component"],"failureMessages":[],"fullName":"Dashboard component should render Dashboard component","location":null,"status":"passed","title":"should render Dashboard component"},{"ancestorTitles":["Dashboard component"],"failureMessages":[],"fullName":"Dashboard component matches snapshot","location":null,"status":"passed","title":"matches snapshot"},{"ancestorTitles":["SideMenu component"],"failureMessages":[],"fullName":"SideMenu component should render SideMenu component","location":null,"status":"passed","title":"should render SideMenu component"},{"ancestorTitles":["SideMenu component"],"failureMessages":[],"fullName":"SideMenu component matches snapshot","location":null,"status":"passed","title":"matches snapshot"}],"endTime":1673039152551,"message":"","name":"E:\\repo\\CarRentalET\\CarRental.Frontend\\src\\components\\__tests__\\Dashboard\\Dashboard.test.js","startTime":1673039151083,"status":"passed","summary":""},{"assertionResults":[{"ancestorTitles":["Hero component"],"failureMessages":[],"fullName":"Hero component should render Hero component","location":null,"status":"passed","title":"should render Hero component"},{"ancestorTitles":["Hero component"],"failureMessages":[],"fullName":"Hero component should redner From text","location":null,"status":"passed","title":"should redner From text"},{"ancestorTitles":["Hero component"],"failureMessages":[],"fullName":"Hero component should redner Until text","location":null,"status":"passed","title":"should redner Until text"},{"ancestorTitles":["Hero component"],"failureMessages":[],"fullName":"Hero component matches snapshot","location":null,"status":"passed","title":"matches snapshot"}],"endTime":1673039152557,"message":"","name":"E:\\repo\\CarRentalET\\CarRental.Frontend\\src\\components\\__tests__\\Hero\\Hero.test.js","startTime":1673039151082,"status":"passed","summary":""},{"assertionResults":[{"ancestorTitles":["Register component"],"failureMessages":[],"fullName":"Register component renders without crashing","location":null,"status":"passed","title":"renders without crashing"},{"ancestorTitles":["Register component"],"failureMessages":[],"fullName":"Register component matches snapshot","location":null,"status":"passed","title":"matches snapshot"},{"ancestorTitles":["Register component"],"failureMessages":[],"fullName":"Register component should have expected text","location":null,"status":"passed","title":"should have expected text"}],"endTime":1673039152567,"message":"","name":"E:\\repo\\CarRentalET\\CarRental.Frontend\\src\\components\\__tests__\\Register\\Register.test.js","startTime":1673039151085,"status":"passed","summary":""},{"assertionResults":[{"ancestorTitles":["Home component"],"failureMessages":[],"fullName":"Home component renders without crashing with logged user","location":null,"status":"passed","title":"renders without crashing with logged user"},{"ancestorTitles":["Home component"],"failureMessages":[],"fullName":"Home component renders without crashing with logged out user","location":null,"status":"passed","title":"renders without crashing with logged out user"},{"ancestorTitles":["Home component"],"failureMessages":[],"fullName":"Home component matches snapshot - logged","location":null,"status":"passed","title":"matches snapshot - logged"},{"ancestorTitles":["Home component"],"failureMessages":[],"fullName":"Home component matches snapshot - logged out","location":null,"status":"passed","title":"matches snapshot - logged out"}],"endTime":1673039152566,"message":"","name":"E:\\repo\\CarRentalET\\CarRental.Frontend\\src\\components\\__tests__\\Navbar\\Navbar.test.js","startTime":1673039151079,"status":"passed","summary":""},{"assertionResults":[{"ancestorTitles":["Login component"],"failureMessages":[],"fullName":"Login component renders without crashing","location":null,"status":"passed","title":"renders without crashing"},{"ancestorTitles":["Login component"],"failureMessages":[],"fullName":"Login component matches snapshot","location":null,"status":"passed","title":"matches snapshot"},{"ancestorTitles":["Login component"],"failureMessages":[],"fullName":"Login component should have expected text","location":null,"status":"passed","title":"should have expected text"}],"endTime":1673039152570,"message":"","name":"E:\\repo\\CarRentalET\\CarRental.Frontend\\src\\components\\__tests__\\Login\\Login.test.js","startTime":1673039151082,"status":"passed","summary":""},{"assertionResults":[{"ancestorTitles":["Rent component"],"failureMessages":[],"fullName":"Rent component renders without crashing","location":null,"status":"passed","title":"renders without crashing"},{"ancestorTitles":["Rent component"],"failureMessages":[],"fullName":"Rent component matches snapshot","location":null,"status":"passed","title":"matches snapshot"},{"ancestorTitles":["Rent component"],"failureMessages":[],"fullName":"Rent component should redner user data text","location":null,"status":"passed","title":"should redner user data text"}],"endTime":1673039152661,"message":"","name":"E:\\repo\\CarRentalET\\CarRental.Frontend\\src\\components\\__tests__\\Rent\\Rent.test.js","startTime":1673039151080,"status":"passed","summary":""}],"wasInterrupted":false}