{"numFailedTestSuites":0,"numFailedTests":0,"numPassedTestSuites":11,"numPassedTests":46,"numPendingTestSuites":0,"numPendingTests":0,"numRuntimeErrorTestSuites":0,"numTodoTests":0,"numTotalTestSuites":11,"numTotalTests":46,"openHandles":[],"snapshot":{"added":0,"didUpdate":false,"failure":false,"filesAdded":0,"filesRemoved":0,"filesRemovedList":[],"filesUnmatched":0,"filesUpdated":0,"matched":24,"total":24,"unchecked":0,"uncheckedKeysByFile":[],"unmatched":0,"updated":0},"startTime":1673039590804,"success":true,"testResults":[{"assertionResults":[{"ancestorTitles":["SearchScreen"],"duration":51,"failureDetails":[],"failureMessages":[],"fullName":"SearchScreen has 2 children","invocations":1,"location":null,"numPassingAsserts":0,"retryReasons":[],"status":"passed","title":"has 2 children"},{"ancestorTitles":["SearchScreen"],"duration":3,"failureDetails":[],"failureMessages":[],"fullName":"SearchScreen renders correctly","invocations":1,"location":null,"numPassingAsserts":0,"retryReasons":[],"status":"passed","title":"renders correctly"}],"endTime":1673039592368,"message":"","name":"E:\\repo\\CarRentalET\\CarRental.Mobile\\__tests__\\SearchScreen.test.js","startTime":1673039591117,"status":"passed","summary":""},{"assertionResults":[{"ancestorTitles":["StartDateScreen"],"duration":254,"failureDetails":[],"failureMessages":[],"fullName":"StartDateScreen has 3 children","invocations":1,"location":null,"numPassingAsserts":0,"retryReasons":[],"status":"passed","title":"has 3 children"},{"ancestorTitles":["StartDateScreen"],"duration":5,"failureDetails":[],"failureMessages":[],"fullName":"StartDateScreen renders correctly","invocations":1,"location":null,"numPassingAsserts":0,"retryReasons":[],"status":"passed","title":"renders correctly"}],"endTime":1673039592550,"message":"","name":"E:\\repo\\CarRentalET\\CarRental.Mobile\\__tests__\\StartDateScreen.test.js","startTime":1673039591119,"status":"passed","summary":""},{"assertionResults":[{"ancestorTitles":["EndDateScreen"],"duration":260,"failureDetails":[],"failureMessages":[],"fullName":"EndDateScreen has 3 children","invocations":1,"location":null,"numPassingAsserts":0,"retryReasons":[],"status":"passed","title":"has 3 children"},{"ancestorTitles":["EndDateScreen"],"duration":5,"failureDetails":[],"failureMessages":[],"fullName":"EndDateScreen renders correctly","invocations":1,"location":null,"numPassingAsserts":0,"retryReasons":[],"status":"passed","title":"renders correctly"}],"endTime":1673039592555,"message":"","name":"E:\\repo\\CarRentalET\\CarRental.Mobile\\__tests__\\EndDateScreen.test.js","startTime":1673039591123,"status":"passed","summary":""},{"assertionResults":[{"ancestorTitles":["HomeScreen"],"duration":261,"failureDetails":[],"failureMessages":[],"fullName":"HomeScreen has 2 children with args","invocations":1,"location":null,"numPassingAsserts":0,"retryReasons":[],"status":"passed","title":"has 2 children with args"},{"ancestorTitles":["HomeScreen"],"duration":5,"failureDetails":[],"failureMessages":[],"fullName":"HomeScreen renders correctly with args","invocations":1,"location":null,"numPassingAsserts":0,"retryReasons":[],"status":"passed","title":"renders correctly with args"},{"ancestorTitles":["HomeScreen"],"duration":3,"failureDetails":[],"failureMessages":[],"fullName":"HomeScreen has 2 children without args","invocations":1,"location":null,"numPassingAsserts":0,"retryReasons":[],"status":"passed","title":"has 2 children without args"},{"ancestorTitles":["HomeScreen"],"duration":2,"failureDetails":[],"failureMessages":[],"fullName":"HomeScreen renders correctly without args","invocations":1,"location":null,"numPassingAsserts":0,"retryReasons":[],"status":"passed","title":"renders correctly without args"}],"endTime":1673039592559,"message":"","name":"E:\\repo\\CarRentalET\\CarRental.Mobile\\__tests__\\HomeScreen.test.js","startTime":1673039591119,"status":"passed","summary":""},{"assertionResults":[{"ancestorTitles":["DrawerContent"],"duration":257,"failureDetails":[],"failureMessages":[],"fullName":"DrawerContent has 3 children","invocations":1,"location":null,"numPassingAsserts":0,"retryReasons":[],"status":"passed","title":"has 3 children"},{"ancestorTitles":["DrawerContent"],"duration":6,"failureDetails":[],"failureMessages":[],"fullName":"DrawerContent renders correctly","invocations":1,"location":null,"numPassingAsserts":0,"retryReasons":[],"status":"passed","title":"renders correctly"}],"endTime":1673039592586,"message":"","name":"E:\\repo\\CarRentalET\\CarRental.Mobile\\__tests__\\DrawerContent.test.js","startTime":1673039591124,"status":"passed","summary":""},{"assertionResults":[{"ancestorTitles":["PaymentInfoScreen"],"duration":293,"failureDetails":[],"failureMessages":[],"fullName":"PaymentInfoScreen has 1 child","invocations":1,"location":null,"numPassingAsserts":0,"retryReasons":[],"status":"passed","title":"has 1 child"},{"ancestorTitles":["PaymentInfoScreen"],"duration":5,"failureDetails":[],"failureMessages":[],"fullName":"PaymentInfoScreen renders correctly","invocations":1,"location":null,"numPassingAsserts":0,"retryReasons":[],"status":"passed","title":"renders correctly"},{"ancestorTitles":["PaymentInfoScreen"],"duration":5,"failureDetails":[],"failureMessages":[],"fullName":"PaymentInfoScreen has 1 child case2 ","invocations":1,"location":null,"numPassingAsserts":0,"retryReasons":[],"status":"passed","title":"has 1 child case2 "},{"ancestorTitles":["PaymentInfoScreen"],"duration":1,"failureDetails":[],"failureMessages":[],"fullName":"PaymentInfoScreen renders correctly case 2","invocations":1,"location":null,"numPassingAsserts":0,"retryReasons":[],"status":"passed","title":"renders correctly case 2"},{"ancestorTitles":["PaymentInfoScreen"],"duration":3,"failureDetails":[],"failureMessages":[],"fullName":"PaymentInfoScreen renders correctly mixed values","invocations":1,"location":null,"numPassingAsserts":0,"retryReasons":[],"status":"passed","title":"renders correctly mixed values"}],"endTime":1673039592612,"message":"","name":"E:\\repo\\CarRentalET\\CarRental.Mobile\\__tests__\\PaymentInfoScreen.test.js","startTime":1673039591121,"status":"passed","summary":""},{"assertionResults":[{"ancestorTitles":["LoginScreen"],"duration":294,"failureDetails":[],"failureMessages":[],"fullName":"LoginScreen has 3 children without args","invocations":1,"location":null,"numPassingAsserts":0,"retryReasons":[],"status":"passed","title":"has 3 children without args"},{"ancestorTitles":["LoginScreen"],"duration":4,"failureDetails":[],"failureMessages":[],"fullName":"LoginScreen renders correctly without args","invocations":1,"location":null,"numPassingAsserts":0,"retryReasons":[],"status":"passed","title":"renders correctly without args"},{"ancestorTitles":["LoginScreen"],"duration":2,"failureDetails":[],"failureMessages":[],"fullName":"LoginScreen has 3 children with args","invocations":1,"location":null,"numPassingAsserts":0,"retryReasons":[],"status":"passed","title":"has 3 children with args"},{"ancestorTitles":["LoginScreen"],"duration":2,"failureDetails":[],"failureMessages":[],"fullName":"LoginScreen renders correctly with args","invocations":1,"location":null,"numPassingAsserts":0,"retryReasons":[],"status":"passed","title":"renders correctly with args"},{"ancestorTitles":["LoginScreen"],"duration":2,"failureDetails":[],"failureMessages":[],"fullName":"LoginScreen has 3 children with not compile args","invocations":1,"location":null,"numPassingAsserts":0,"retryReasons":[],"status":"passed","title":"has 3 children with not compile args"},{"ancestorTitles":["LoginScreen"],"duration":2,"failureDetails":[],"failureMessages":[],"fullName":"LoginScreen renders correctly with  not compile args","invocations":1,"location":null,"numPassingAsserts":0,"retryReasons":[],"status":"passed","title":"renders correctly with  not compile args"}],"endTime":1673039592633,"message":"","name":"E:\\repo\\CarRentalET\\CarRental.Mobile\\__tests__\\LoginScreen.test.js","startTime":1673039591119,"status":"passed","summary":""},{"assertionResults":[{"ancestorTitles":["UserDataScreen"],"duration":299,"failureDetails":[],"failureMessages":[],"fullName":"UserDataScreen has 1 child","invocations":1,"location":null,"numPassingAsserts":0,"retryReasons":[],"status":"passed","title":"has 1 child"},{"ancestorTitles":["UserDataScreen"],"duration":4,"failureDetails":[],"failureMessages":[],"fullName":"UserDataScreen renders correctly","invocations":1,"location":null,"numPassingAsserts":0,"retryReasons":[],"status":"passed","title":"renders correctly"}],"endTime":1673039592638,"message":"","name":"E:\\repo\\CarRentalET\\CarRental.Mobile\\__tests__\\UserDataScreen.test.js","startTime":1673039591128,"status":"passed","summary":""},{"assertionResults":[{"ancestorTitles":["Reservations"],"duration":42,"failureDetails":[],"failureMessages":[],"fullName":"Reservations has 1 child with args","invocations":1,"location":null,"numPassingAsserts":0,"retryReasons":[],"status":"passed","title":"has 1 child with args"},{"ancestorTitles":["Reservations"],"duration":1,"failureDetails":[],"failureMessages":[],"fullName":"Reservations has 1 child without args","invocations":1,"location":null,"numPassingAsserts":0,"retryReasons":[],"status":"passed","title":"has 1 child without args"},{"ancestorTitles":["Reservations"],"duration":2,"failureDetails":[],"failureMessages":[],"fullName":"Reservations renders correctly with no reservations","invocations":1,"location":null,"numPassingAsserts":0,"retryReasons":[],"status":"passed","title":"renders correctly with no reservations"},{"ancestorTitles":["Reservations"],"duration":1,"failureDetails":[],"failureMessages":[],"fullName":"Reservations renders correctly with reservations","invocations":1,"location":null,"numPassingAsserts":0,"retryReasons":[],"status":"passed","title":"renders correctly with reservations"},{"ancestorTitles":["Reservations Card"],"duration":243,"failureDetails":[],"failureMessages":[],"fullName":"Reservations Card has 4 child with args","invocations":1,"location":null,"numPassingAsserts":0,"retryReasons":[],"status":"passed","title":"has 4 child with args"},{"ancestorTitles":["Reservations Card"],"duration":3,"failureDetails":[],"failureMessages":[],"fullName":"Reservations Card renders correctly with reservations","invocations":1,"location":null,"numPassingAsserts":0,"retryReasons":[],"status":"passed","title":"renders correctly with reservations"}],"endTime":1673039592654,"message":"","name":"E:\\repo\\CarRentalET\\CarRental.Mobile\\__tests__\\ReservationsScreen.test.js","startTime":1673039591124,"status":"passed","summary":""},{"assertionResults":[{"ancestorTitles":["CarDetailsScreen"],"duration":293,"failureDetails":[],"failureMessages":[],"fullName":"CarDetailsScreen has 1 child with args","invocations":1,"location":null,"numPassingAsserts":0,"retryReasons":[],"status":"passed","title":"has 1 child with args"},{"ancestorTitles":["CarDetailsScreen"],"duration":5,"failureDetails":[],"failureMessages":[],"fullName":"CarDetailsScreen renders correctly wikth args","invocations":1,"location":null,"numPassingAsserts":0,"retryReasons":[],"status":"passed","title":"renders correctly wikth args"},{"ancestorTitles":["CarDetailsScreen"],"duration":2,"failureDetails":[],"failureMessages":[],"fullName":"CarDetailsScreen has 1 child with args2","invocations":1,"location":null,"numPassingAsserts":0,"retryReasons":[],"status":"passed","title":"has 1 child with args2"},{"ancestorTitles":["CarDetailsScreen"],"duration":2,"failureDetails":[],"failureMessages":[],"fullName":"CarDetailsScreen renders correctly wikth args2","invocations":1,"location":null,"numPassingAsserts":0,"retryReasons":[],"status":"passed","title":"renders correctly wikth args2"},{"ancestorTitles":["CarDetailsScreen"],"duration":2,"failureDetails":[],"failureMessages":[],"fullName":"CarDetailsScreen has 1 child with args3","invocations":1,"location":null,"numPassingAsserts":0,"retryReasons":[],"status":"passed","title":"has 1 child with args3"},{"ancestorTitles":["CarDetailsScreen"],"duration":1,"failureDetails":[],"failureMessages":[],"fullName":"CarDetailsScreen renders correctly wikth args3","invocations":1,"location":null,"numPassingAsserts":0,"retryReasons":[],"status":"passed","title":"renders correctly wikth args3"}],"endTime":1673039592686,"message":"","name":"E:\\repo\\CarRentalET\\CarRental.Mobile\\__tests__\\CarDetailsScreen.test.js","startTime":1673039591127,"status":"passed","summary":""},{"assertionResults":[{"ancestorTitles":["SearchResultCard"],"duration":276,"failureDetails":[],"failureMessages":[],"fullName":"SearchResultCard has 3 children with args","invocations":1,"location":null,"numPassingAsserts":0,"retryReasons":[],"status":"passed","title":"has 3 children with args"},{"ancestorTitles":["SearchResultCard"],"duration":5,"failureDetails":[],"failureMessages":[],"fullName":"SearchResultCard renders correctly wikth args","invocations":1,"location":null,"numPassingAsserts":0,"retryReasons":[],"status":"passed","title":"renders correctly wikth args"},{"ancestorTitles":["SearchResult"],"duration":15,"failureDetails":[],"failureMessages":[],"fullName":"SearchResult has 10 children with 10 args","invocations":1,"location":null,"numPassingAsserts":0,"retryReasons":[],"status":"passed","title":"has 10 children with 10 args"},{"ancestorTitles":["SearchResult"],"duration":17,"failureDetails":[],"failureMessages":[],"fullName":"SearchResult renders correctly with 10 args","invocations":1,"location":null,"numPassingAsserts":0,"retryReasons":[],"status":"passed","title":"renders correctly with 10 args"},{"ancestorTitles":["SearchResult"],"duration":6,"failureDetails":[],"failureMessages":[],"fullName":"SearchResult has 4 children with 4 args","invocations":1,"location":null,"numPassingAsserts":0,"retryReasons":[],"status":"passed","title":"has 4 children with 4 args"},{"ancestorTitles":["SearchResult"],"duration":6,"failureDetails":[],"failureMessages":[],"fullName":"SearchResult renders correctly with 4 args","invocations":1,"location":null,"numPassingAsserts":0,"retryReasons":[],"status":"passed","title":"renders correctly with 4 args"},{"ancestorTitles":["SearchResult"],"duration":2,"failureDetails":[],"failureMessages":[],"fullName":"SearchResult has 1 children with 1 arg","invocations":1,"location":null,"numPassingAsserts":0,"retryReasons":[],"status":"passed","title":"has 1 children with 1 arg"},{"ancestorTitles":["SearchResult"],"duration":2,"failureDetails":[],"failureMessages":[],"fullName":"SearchResult renders correctly with 1 arg","invocations":1,"location":null,"numPassingAsserts":0,"retryReasons":[],"status":"passed","title":"renders correctly with 1 arg"},{"ancestorTitles":["SearchResult"],"duration":1,"failureDetails":[],"failureMessages":[],"fullName":"SearchResult renders correctly withh 0 args","invocations":1,"location":null,"numPassingAsserts":0,"retryReasons":[],"status":"passed","title":"renders correctly withh 0 args"}],"endTime":1673039592720,"message":"","name":"E:\\repo\\CarRentalET\\CarRental.Mobile\\__tests__\\SearchResultScreen.test.js","startTime":1673039591117,"status":"passed","summary":""}],"wasInterrupted":false}